2022-11-07 13:57:14,674 ERROR 6495 [egg-redis] client error: Error: connect ECONNREFUSED 127.0.0.1:6379
    at TCPConnectWrap.afterConnect [as oncomplete] (node:net:1247:16) {
  errno: -61,
  code: 'ECONNREFUSED',
  syscall: 'connect',
  address: '127.0.0.1',
  port: 6379
}
2022-11-07 13:57:14,675 ERROR 6495 nodejs.ECONNREFUSEDError: connect ECONNREFUSED 127.0.0.1:6379
    at TCPConnectWrap.afterConnect [as oncomplete] (node:net:1247:16)
errno: -61
code: "ECONNREFUSED"
syscall: "connect"
address: "127.0.0.1"
port: 6379
name: "ECONNREFUSEDError"
pid: 6495
hostname: dabaozongdeMacBook-Pro.local

2022-11-07 13:57:14,679 ERROR 6495 [-/127.0.0.1/-/0ms GET /] nodejs.Error: [egg-swagger-doc] error at get:/fed-api/v1-0/account/token ,the type of response parameter does not exit
    at generateResponse (/Users/bolide/Downloads/jingjingcaiyuan-server/node_modules/egg-swagger-doc-feat/lib/document/index.js:370:17)
    at getTag_Path (/Users/bolide/Downloads/jingjingcaiyuan-server/node_modules/egg-swagger-doc-feat/lib/document/index.js:139:35)
    at buildDocument (/Users/bolide/Downloads/jingjingcaiyuan-server/node_modules/egg-swagger-doc-feat/lib/document/index.js:50:14)
    at documentInit (/Users/bolide/Downloads/jingjingcaiyuan-server/node_modules/egg-swagger-doc-feat/lib/document/index.js:497:7)
    at module.exports.swaggerInit (/Users/bolide/Downloads/jingjingcaiyuan-server/node_modules/egg-swagger-doc-feat/lib/index.js:10:3)
    at /Users/bolide/Downloads/jingjingcaiyuan-server/node_modules/egg-swagger-doc-feat/app.js:8:5
    at Object.callFn (/Users/bolide/Downloads/jingjingcaiyuan-server/node_modules/egg-core/lib/utils/index.js:44:42)
    at /Users/bolide/Downloads/jingjingcaiyuan-server/node_modules/egg-core/lib/lifecycle.js:256:13
    at processTicksAndRejections (node:internal/process/task_queues:78:11)

pid: 6495
hostname: dabaozongdeMacBook-Pro.local

2022-11-07 13:57:14,687 ERROR 6495 [-/127.0.0.1/-/0ms GET /] nodejs.ECONNREFUSEDError: connect ECONNREFUSED 127.0.0.1:6379
    at TCPConnectWrap.afterConnect [as oncomplete] (node:net:1247:16)
errno: -61
code: "ECONNREFUSED"
syscall: "connect"
address: "127.0.0.1"
port: 6379
name: "ECONNREFUSEDError"
pid: 6495
hostname: dabaozongdeMacBook-Pro.local

2022-11-07 13:58:11,344 ERROR 6552 [egg-redis] client error: Error: connect ECONNREFUSED 127.0.0.1:6379
    at TCPConnectWrap.afterConnect [as oncomplete] (node:net:1247:16) {
  errno: -61,
  code: 'ECONNREFUSED',
  syscall: 'connect',
  address: '127.0.0.1',
  port: 6379
}
2022-11-07 13:58:11,345 ERROR 6552 nodejs.ECONNREFUSEDError: connect ECONNREFUSED 127.0.0.1:6379
    at TCPConnectWrap.afterConnect [as oncomplete] (node:net:1247:16)
errno: -61
code: "ECONNREFUSED"
syscall: "connect"
address: "127.0.0.1"
port: 6379
name: "ECONNREFUSEDError"
pid: 6552
hostname: dabaozongdeMacBook-Pro.local

2022-11-07 13:58:11,350 ERROR 6552 [-/127.0.0.1/-/1ms GET /] nodejs.Error: [egg-swagger-doc] error at post:/fed-api/v1-0/upload ,the type of response parameter does not exit
    at generateResponse (/Users/bolide/Downloads/jingjingcaiyuan-server/node_modules/egg-swagger-doc-feat/lib/document/index.js:370:17)
    at getTag_Path (/Users/bolide/Downloads/jingjingcaiyuan-server/node_modules/egg-swagger-doc-feat/lib/document/index.js:139:35)
    at buildDocument (/Users/bolide/Downloads/jingjingcaiyuan-server/node_modules/egg-swagger-doc-feat/lib/document/index.js:50:14)
    at documentInit (/Users/bolide/Downloads/jingjingcaiyuan-server/node_modules/egg-swagger-doc-feat/lib/document/index.js:497:7)
    at module.exports.swaggerInit (/Users/bolide/Downloads/jingjingcaiyuan-server/node_modules/egg-swagger-doc-feat/lib/index.js:10:3)
    at /Users/bolide/Downloads/jingjingcaiyuan-server/node_modules/egg-swagger-doc-feat/app.js:8:5
    at Object.callFn (/Users/bolide/Downloads/jingjingcaiyuan-server/node_modules/egg-core/lib/utils/index.js:44:42)
    at /Users/bolide/Downloads/jingjingcaiyuan-server/node_modules/egg-core/lib/lifecycle.js:256:13
    at processTicksAndRejections (node:internal/process/task_queues:78:11)

pid: 6552
hostname: dabaozongdeMacBook-Pro.local

2022-11-07 13:58:11,357 ERROR 6552 [-/127.0.0.1/-/0ms GET /] nodejs.ECONNREFUSEDError: connect ECONNREFUSED 127.0.0.1:6379
    at TCPConnectWrap.afterConnect [as oncomplete] (node:net:1247:16)
errno: -61
code: "ECONNREFUSED"
syscall: "connect"
address: "127.0.0.1"
port: 6379
name: "ECONNREFUSEDError"
pid: 6552
hostname: dabaozongdeMacBook-Pro.local

2022-11-07 14:00:09,593 ERROR 6681 [egg-redis] client error: Error: connect ECONNREFUSED 127.0.0.1:6379
    at TCPConnectWrap.afterConnect [as oncomplete] (node:net:1247:16) {
  errno: -61,
  code: 'ECONNREFUSED',
  syscall: 'connect',
  address: '127.0.0.1',
  port: 6379
}
2022-11-07 14:00:09,594 ERROR 6681 nodejs.ECONNREFUSEDError: connect ECONNREFUSED 127.0.0.1:6379
    at TCPConnectWrap.afterConnect [as oncomplete] (node:net:1247:16)
errno: -61
code: "ECONNREFUSED"
syscall: "connect"
address: "127.0.0.1"
port: 6379
name: "ECONNREFUSEDError"
pid: 6681
hostname: dabaozongdeMacBook-Pro.local

2022-11-07 14:00:09,599 ERROR 6681 [-/127.0.0.1/-/1ms GET /] nodejs.ECONNREFUSEDError: connect ECONNREFUSED 127.0.0.1:6379
    at TCPConnectWrap.afterConnect [as oncomplete] (node:net:1247:16)
errno: -61
code: "ECONNREFUSED"
syscall: "connect"
address: "127.0.0.1"
port: 6379
name: "ECONNREFUSEDError"
pid: 6681
hostname: dabaozongdeMacBook-Pro.local

2022-11-07 15:14:55,783 ERROR 14319 [Job#1667805295777194043352715691] /Users/bolide/Downloads/jingjingcaiyuan-server/app/schedule/asyncUserOrder.js execute failed, used 5ms. TypeError: Cannot read properties of undefined (reading 'list')
    at Object.task (/Users/bolide/Downloads/jingjingcaiyuan-server/app/schedule/asyncUserOrder.js:15:53)
    at Messenger.<anonymous> (/Users/bolide/Downloads/jingjingcaiyuan-server/node_modules/egg-schedule/app.js:47:21)
    at Messenger.emit (node:events:513:28)
    at Messenger._onMessage (/Users/bolide/Downloads/jingjingcaiyuan-server/node_modules/egg/lib/core/messenger/ipc.js:116:12)
    at process.emit (node:events:525:35)
    at emit (node:internal/child_process:939:14)
    at processTicksAndRejections (node:internal/process/task_queues:84:21)
2022-11-07 15:15:55,777 ERROR 14319 [Job#1667805355775194643371681792] /Users/bolide/Downloads/jingjingcaiyuan-server/app/schedule/asyncUserOrder.js execute failed, used 1ms. TypeError: Cannot read properties of undefined (reading 'list')
    at Object.task (/Users/bolide/Downloads/jingjingcaiyuan-server/app/schedule/asyncUserOrder.js:15:53)
    at Messenger.<anonymous> (/Users/bolide/Downloads/jingjingcaiyuan-server/node_modules/egg-schedule/app.js:47:21)
    at Messenger.emit (node:events:513:28)
    at Messenger._onMessage (/Users/bolide/Downloads/jingjingcaiyuan-server/node_modules/egg/lib/core/messenger/ipc.js:116:12)
    at process.emit (node:events:525:35)
    at emit (node:internal/child_process:939:14)
    at processTicksAndRejections (node:internal/process/task_queues:84:21)
2022-11-07 15:16:55,775 ERROR 14319 [Job#1667805415773195243384367723] /Users/bolide/Downloads/jingjingcaiyuan-server/app/schedule/asyncUserOrder.js execute failed, used 0ms. TypeError: Cannot read properties of undefined (reading 'list')
    at Object.task (/Users/bolide/Downloads/jingjingcaiyuan-server/app/schedule/asyncUserOrder.js:15:53)
    at Messenger.<anonymous> (/Users/bolide/Downloads/jingjingcaiyuan-server/node_modules/egg-schedule/app.js:47:21)
    at Messenger.emit (node:events:513:28)
    at Messenger._onMessage (/Users/bolide/Downloads/jingjingcaiyuan-server/node_modules/egg/lib/core/messenger/ipc.js:116:12)
    at process.emit (node:events:525:35)
    at emit (node:internal/child_process:939:14)
    at processTicksAndRejections (node:internal/process/task_queues:84:21)
2022-11-07 15:17:55,772 ERROR 14319 [Job#1667805475770195843392429214] /Users/bolide/Downloads/jingjingcaiyuan-server/app/schedule/asyncUserOrder.js execute failed, used 1ms. TypeError: Cannot read properties of undefined (reading 'list')
    at Object.task (/Users/bolide/Downloads/jingjingcaiyuan-server/app/schedule/asyncUserOrder.js:15:53)
    at Messenger.<anonymous> (/Users/bolide/Downloads/jingjingcaiyuan-server/node_modules/egg-schedule/app.js:47:21)
    at Messenger.emit (node:events:513:28)
    at Messenger._onMessage (/Users/bolide/Downloads/jingjingcaiyuan-server/node_modules/egg/lib/core/messenger/ipc.js:116:12)
    at process.emit (node:events:525:35)
    at emit (node:internal/child_process:939:14)
    at processTicksAndRejections (node:internal/process/task_queues:84:21)
2022-11-07 15:18:55,770 ERROR 14319 [Job#1667805535768196443403380255] /Users/bolide/Downloads/jingjingcaiyuan-server/app/schedule/asyncUserOrder.js execute failed, used 1ms. TypeError: Cannot read properties of undefined (reading 'list')
    at Object.task (/Users/bolide/Downloads/jingjingcaiyuan-server/app/schedule/asyncUserOrder.js:15:53)
    at Messenger.<anonymous> (/Users/bolide/Downloads/jingjingcaiyuan-server/node_modules/egg-schedule/app.js:47:21)
    at Messenger.emit (node:events:513:28)
    at Messenger._onMessage (/Users/bolide/Downloads/jingjingcaiyuan-server/node_modules/egg/lib/core/messenger/ipc.js:116:12)
    at process.emit (node:events:525:35)
    at emit (node:internal/child_process:939:14)
    at processTicksAndRejections (node:internal/process/task_queues:84:21)
2022-11-07 15:19:55,767 ERROR 14319 [Job#1667805595766197043415501316] /Users/bolide/Downloads/jingjingcaiyuan-server/app/schedule/asyncUserOrder.js execute failed, used 0ms. TypeError: Cannot read properties of undefined (reading 'list')
    at Object.task (/Users/bolide/Downloads/jingjingcaiyuan-server/app/schedule/asyncUserOrder.js:15:53)
    at Messenger.<anonymous> (/Users/bolide/Downloads/jingjingcaiyuan-server/node_modules/egg-schedule/app.js:47:21)
    at Messenger.emit (node:events:513:28)
    at Messenger._onMessage (/Users/bolide/Downloads/jingjingcaiyuan-server/node_modules/egg/lib/core/messenger/ipc.js:116:12)
    at process.emit (node:events:525:35)
    at emit (node:internal/child_process:939:14)
    at processTicksAndRejections (node:internal/process/task_queues:84:21)
2022-11-07 15:20:55,765 ERROR 14319 [Job#1667805655763197643424275047] /Users/bolide/Downloads/jingjingcaiyuan-server/app/schedule/asyncUserOrder.js execute failed, used 1ms. TypeError: Cannot read properties of undefined (reading 'list')
    at Object.task (/Users/bolide/Downloads/jingjingcaiyuan-server/app/schedule/asyncUserOrder.js:15:53)
    at Messenger.<anonymous> (/Users/bolide/Downloads/jingjingcaiyuan-server/node_modules/egg-schedule/app.js:47:21)
    at Messenger.emit (node:events:513:28)
    at Messenger._onMessage (/Users/bolide/Downloads/jingjingcaiyuan-server/node_modules/egg/lib/core/messenger/ipc.js:116:12)
    at process.emit (node:events:525:35)
    at emit (node:internal/child_process:939:14)
    at processTicksAndRejections (node:internal/process/task_queues:84:21)
2022-11-07 15:21:55,762 ERROR 14319 [Job#1667805715760198243427337838] /Users/bolide/Downloads/jingjingcaiyuan-server/app/schedule/asyncUserOrder.js execute failed, used 1ms. TypeError: Cannot read properties of undefined (reading 'list')
    at Object.task (/Users/bolide/Downloads/jingjingcaiyuan-server/app/schedule/asyncUserOrder.js:15:53)
    at Messenger.<anonymous> (/Users/bolide/Downloads/jingjingcaiyuan-server/node_modules/egg-schedule/app.js:47:21)
    at Messenger.emit (node:events:513:28)
    at Messenger._onMessage (/Users/bolide/Downloads/jingjingcaiyuan-server/node_modules/egg/lib/core/messenger/ipc.js:116:12)
    at process.emit (node:events:525:35)
    at emit (node:internal/child_process:939:14)
    at processTicksAndRejections (node:internal/process/task_queues:84:21)
2022-11-07 15:22:55,874 ERROR 14319 [Job#1667805775872198843444752769] /Users/bolide/Downloads/jingjingcaiyuan-server/app/schedule/asyncUserOrder.js execute failed, used 1ms. TypeError: Cannot read properties of undefined (reading 'list')
    at Object.task (/Users/bolide/Downloads/jingjingcaiyuan-server/app/schedule/asyncUserOrder.js:15:53)
    at Messenger.<anonymous> (/Users/bolide/Downloads/jingjingcaiyuan-server/node_modules/egg-schedule/app.js:47:21)
    at Messenger.emit (node:events:513:28)
    at Messenger._onMessage (/Users/bolide/Downloads/jingjingcaiyuan-server/node_modules/egg/lib/core/messenger/ipc.js:116:12)
    at process.emit (node:events:525:35)
    at emit (node:internal/child_process:939:14)
    at processTicksAndRejections (node:internal/process/task_queues:84:21)
2022-11-07 15:23:55,872 ERROR 14319 [Job#16678058358701994434455299410] /Users/bolide/Downloads/jingjingcaiyuan-server/app/schedule/asyncUserOrder.js execute failed, used 1ms. TypeError: Cannot read properties of undefined (reading 'list')
    at Object.task (/Users/bolide/Downloads/jingjingcaiyuan-server/app/schedule/asyncUserOrder.js:15:53)
    at Messenger.<anonymous> (/Users/bolide/Downloads/jingjingcaiyuan-server/node_modules/egg-schedule/app.js:47:21)
    at Messenger.emit (node:events:513:28)
    at Messenger._onMessage (/Users/bolide/Downloads/jingjingcaiyuan-server/node_modules/egg/lib/core/messenger/ipc.js:116:12)
    at process.emit (node:events:525:35)
    at emit (node:internal/child_process:939:14)
    at processTicksAndRejections (node:internal/process/task_queues:84:21)
2022-11-07 15:24:55,872 ERROR 14319 [Job#16678058958702000434600136211] /Users/bolide/Downloads/jingjingcaiyuan-server/app/schedule/asyncUserOrder.js execute failed, used 0ms. TypeError: Cannot read properties of undefined (reading 'list')
    at Object.task (/Users/bolide/Downloads/jingjingcaiyuan-server/app/schedule/asyncUserOrder.js:15:53)
    at Messenger.<anonymous> (/Users/bolide/Downloads/jingjingcaiyuan-server/node_modules/egg-schedule/app.js:47:21)
    at Messenger.emit (node:events:513:28)
    at Messenger._onMessage (/Users/bolide/Downloads/jingjingcaiyuan-server/node_modules/egg/lib/core/messenger/ipc.js:116:12)
    at process.emit (node:events:525:35)
    at emit (node:internal/child_process:939:14)
    at processTicksAndRejections (node:internal/process/task_queues:84:21)
2022-11-07 15:25:55,871 ERROR 14319 [Job#16678059558692006434720410912] /Users/bolide/Downloads/jingjingcaiyuan-server/app/schedule/asyncUserOrder.js execute failed, used 0ms. TypeError: Cannot read properties of undefined (reading 'list')
    at Object.task (/Users/bolide/Downloads/jingjingcaiyuan-server/app/schedule/asyncUserOrder.js:15:53)
    at Messenger.<anonymous> (/Users/bolide/Downloads/jingjingcaiyuan-server/node_modules/egg-schedule/app.js:47:21)
    at Messenger.emit (node:events:513:28)
    at Messenger._onMessage (/Users/bolide/Downloads/jingjingcaiyuan-server/node_modules/egg/lib/core/messenger/ipc.js:116:12)
    at process.emit (node:events:525:35)
    at emit (node:internal/child_process:939:14)
    at processTicksAndRejections (node:internal/process/task_queues:84:21)
2022-11-07 15:27:07,493 ERROR 14765 [-/127.0.0.1/-/1ms GET /] nodejs.SequelizeHostNotFoundError: getaddrinfo ENOTFOUND *
    at /Users/bolide/Downloads/jingjingcaiyuan-server/node_modules/sequelize/lib/dialects/mysql/connection-manager.js:127:19
From previous event:
    at ConnectionManager.connect (/Users/bolide/Downloads/jingjingcaiyuan-server/node_modules/sequelize/lib/dialects/mysql/connection-manager.js:120:13)
    at /Users/bolide/Downloads/jingjingcaiyuan-server/node_modules/sequelize/lib/dialects/abstract/connection-manager.js:318:50
    at processImmediate (node:internal/timers:466:21)
From previous event:
    at ConnectionManager._connect (/Users/bolide/Downloads/jingjingcaiyuan-server/node_modules/sequelize/lib/dialects/abstract/connection-manager.js:318:8)
    at ConnectionManager.getConnection (/Users/bolide/Downloads/jingjingcaiyuan-server/node_modules/sequelize/lib/dialects/abstract/connection-manager.js:254:46)
    at /Users/bolide/Downloads/jingjingcaiyuan-server/node_modules/sequelize/lib/sequelize.js:650:36
From previous event:
    at /Users/bolide/Downloads/jingjingcaiyuan-server/node_modules/sequelize/lib/sequelize.js:641:53
    at /Users/bolide/Downloads/jingjingcaiyuan-server/node_modules/retry-as-promised/index.js:70:21
    at new Promise (<anonymous>)
    at retryAsPromised (/Users/bolide/Downloads/jingjingcaiyuan-server/node_modules/retry-as-promised/index.js:60:10)
    at /Users/bolide/Downloads/jingjingcaiyuan-server/node_modules/sequelize/lib/sequelize.js:641:30
From previous event:
    at Sequelize.query (/Users/bolide/Downloads/jingjingcaiyuan-server/node_modules/sequelize/lib/sequelize.js:590:23)
    at Sequelize.authenticate (/Users/bolide/Downloads/jingjingcaiyuan-server/node_modules/sequelize/lib/sequelize.js:902:17)
    at authenticate (/Users/bolide/Downloads/jingjingcaiyuan-server/node_modules/egg-sequelize/lib/loader.js:134:22)
    at authenticate (/Users/bolide/Downloads/jingjingcaiyuan-server/node_modules/egg-sequelize/lib/loader.js:142:13)
    at async authenticate (/Users/bolide/Downloads/jingjingcaiyuan-server/node_modules/egg-sequelize/lib/loader.js:142:7)
    at async authenticate (/Users/bolide/Downloads/jingjingcaiyuan-server/node_modules/egg-sequelize/lib/loader.js:142:7)
    at async Promise.all (index 0)
    at async /Users/bolide/Downloads/jingjingcaiyuan-server/node_modules/egg-sequelize/lib/loader.js:40:5
name: "SequelizeHostNotFoundError"
parent: {"errno":-3008,"code":"ENOTFOUND","syscall":"getaddrinfo","hostname":"*","fatal":true}
original: {"errno":-3008,"code":"ENOTFOUND","syscall":"getaddrinfo","hostname":"*","fatal":true}
pid: 14765
hostname: dabaozongdeMacBook-Pro.local

2022-11-07 15:27:12,358 ERROR 14804 [-/127.0.0.1/-/0ms GET /] nodejs.SequelizeHostNotFoundError: getaddrinfo ENOTFOUND *
    at /Users/bolide/Downloads/jingjingcaiyuan-server/node_modules/sequelize/lib/dialects/mysql/connection-manager.js:127:19
From previous event:
    at ConnectionManager.connect (/Users/bolide/Downloads/jingjingcaiyuan-server/node_modules/sequelize/lib/dialects/mysql/connection-manager.js:120:13)
    at /Users/bolide/Downloads/jingjingcaiyuan-server/node_modules/sequelize/lib/dialects/abstract/connection-manager.js:318:50
    at processImmediate (node:internal/timers:466:21)
From previous event:
    at ConnectionManager._connect (/Users/bolide/Downloads/jingjingcaiyuan-server/node_modules/sequelize/lib/dialects/abstract/connection-manager.js:318:8)
    at ConnectionManager.getConnection (/Users/bolide/Downloads/jingjingcaiyuan-server/node_modules/sequelize/lib/dialects/abstract/connection-manager.js:254:46)
    at /Users/bolide/Downloads/jingjingcaiyuan-server/node_modules/sequelize/lib/sequelize.js:650:36
From previous event:
    at /Users/bolide/Downloads/jingjingcaiyuan-server/node_modules/sequelize/lib/sequelize.js:641:53
    at /Users/bolide/Downloads/jingjingcaiyuan-server/node_modules/retry-as-promised/index.js:70:21
    at new Promise (<anonymous>)
    at retryAsPromised (/Users/bolide/Downloads/jingjingcaiyuan-server/node_modules/retry-as-promised/index.js:60:10)
    at /Users/bolide/Downloads/jingjingcaiyuan-server/node_modules/sequelize/lib/sequelize.js:641:30
From previous event:
    at Sequelize.query (/Users/bolide/Downloads/jingjingcaiyuan-server/node_modules/sequelize/lib/sequelize.js:590:23)
    at Sequelize.authenticate (/Users/bolide/Downloads/jingjingcaiyuan-server/node_modules/sequelize/lib/sequelize.js:902:17)
    at authenticate (/Users/bolide/Downloads/jingjingcaiyuan-server/node_modules/egg-sequelize/lib/loader.js:134:22)
    at authenticate (/Users/bolide/Downloads/jingjingcaiyuan-server/node_modules/egg-sequelize/lib/loader.js:142:13)
    at async authenticate (/Users/bolide/Downloads/jingjingcaiyuan-server/node_modules/egg-sequelize/lib/loader.js:142:7)
    at async authenticate (/Users/bolide/Downloads/jingjingcaiyuan-server/node_modules/egg-sequelize/lib/loader.js:142:7)
    at async Promise.all (index 0)
    at async /Users/bolide/Downloads/jingjingcaiyuan-server/node_modules/egg-sequelize/lib/loader.js:40:5
name: "SequelizeHostNotFoundError"
parent: {"errno":-3008,"code":"ENOTFOUND","syscall":"getaddrinfo","hostname":"*","fatal":true}
original: {"errno":-3008,"code":"ENOTFOUND","syscall":"getaddrinfo","hostname":"*","fatal":true}
pid: 14804
hostname: dabaozongdeMacBook-Pro.local

