2022-11-07 13:57:14,287 INFO 6495 [egg-schedule]: register schedule /Users/bolide/Downloads/jingjingcaiyuan-server/node_modules/egg-multipart/app/schedule/clean_tmpdir.js
2022-11-07 13:57:14,288 INFO 6495 [egg-schedule]: register schedule /Users/bolide/Downloads/jingjingcaiyuan-server/node_modules/egg-logrotator/app/schedule/clean_log.js
2022-11-07 13:57:14,288 INFO 6495 [egg-schedule]: register schedule /Users/bolide/Downloads/jingjingcaiyuan-server/node_modules/egg-logrotator/app/schedule/rotate_by_file.js
2022-11-07 13:57:14,288 INFO 6495 [egg-schedule]: register schedule /Users/bolide/Downloads/jingjingcaiyuan-server/app/schedule/asyncUserOrder.js
2022-11-07 13:58:10,975 INFO 6552 [egg-schedule]: register schedule /Users/bolide/Downloads/jingjingcaiyuan-server/node_modules/egg-multipart/app/schedule/clean_tmpdir.js
2022-11-07 13:58:10,975 INFO 6552 [egg-schedule]: register schedule /Users/bolide/Downloads/jingjingcaiyuan-server/node_modules/egg-logrotator/app/schedule/clean_log.js
2022-11-07 13:58:10,975 INFO 6552 [egg-schedule]: register schedule /Users/bolide/Downloads/jingjingcaiyuan-server/node_modules/egg-logrotator/app/schedule/rotate_by_file.js
2022-11-07 13:58:10,975 INFO 6552 [egg-schedule]: register schedule /Users/bolide/Downloads/jingjingcaiyuan-server/app/schedule/asyncUserOrder.js
2022-11-07 14:00:09,194 INFO 6681 [egg-schedule]: register schedule /Users/bolide/Downloads/jingjingcaiyuan-server/node_modules/egg-multipart/app/schedule/clean_tmpdir.js
2022-11-07 14:00:09,194 INFO 6681 [egg-schedule]: register schedule /Users/bolide/Downloads/jingjingcaiyuan-server/node_modules/egg-logrotator/app/schedule/clean_log.js
2022-11-07 14:00:09,194 INFO 6681 [egg-schedule]: register schedule /Users/bolide/Downloads/jingjingcaiyuan-server/node_modules/egg-logrotator/app/schedule/rotate_by_file.js
2022-11-07 14:00:09,194 INFO 6681 [egg-schedule]: register schedule /Users/bolide/Downloads/jingjingcaiyuan-server/app/schedule/asyncUserOrder.js
2022-11-07 15:13:54,432 INFO 14319 [egg-schedule]: register schedule /Users/bolide/Downloads/jingjingcaiyuan-server/node_modules/egg-multipart/app/schedule/clean_tmpdir.js
2022-11-07 15:13:54,432 INFO 14319 [egg-schedule]: register schedule /Users/bolide/Downloads/jingjingcaiyuan-server/node_modules/egg-logrotator/app/schedule/clean_log.js
2022-11-07 15:13:54,432 INFO 14319 [egg-schedule]: register schedule /Users/bolide/Downloads/jingjingcaiyuan-server/node_modules/egg-logrotator/app/schedule/rotate_by_file.js
2022-11-07 15:13:54,432 INFO 14319 [egg-schedule]: register schedule /Users/bolide/Downloads/jingjingcaiyuan-server/app/schedule/asyncUserOrder.js
2022-11-07 15:13:55,779 INFO 14310 [Timer] /Users/bolide/Downloads/jingjingcaiyuan-server/node_modules/egg-multipart/app/schedule/clean_tmpdir.js next time will execute after 47764225ms at 2022-11-08 04:30:00.004
2022-11-07 15:13:55,779 INFO 14310 [Timer] /Users/bolide/Downloads/jingjingcaiyuan-server/node_modules/egg-logrotator/app/schedule/clean_log.js next time will execute after 31564221ms at 2022-11-08 00:00:00.000
2022-11-07 15:13:55,779 INFO 14310 [Timer] /Users/bolide/Downloads/jingjingcaiyuan-server/node_modules/egg-logrotator/app/schedule/rotate_by_file.js next time will execute after 31565221ms at 2022-11-08 00:00:01.000
2022-11-07 15:13:55,779 INFO 14310 [Timer] /Users/bolide/Downloads/jingjingcaiyuan-server/app/schedule/asyncUserOrder.js next time will execute after 60000ms at 2022-11-07 15:14:55.779
2022-11-07 15:14:55,777 INFO 14310 [Timer] /Users/bolide/Downloads/jingjingcaiyuan-server/app/schedule/asyncUserOrder.js next time will execute after 60000ms at 2022-11-07 15:15:55.777
2022-11-07 15:14:55,778 INFO 14319 [Job#1667805295777194043352715691] /Users/bolide/Downloads/jingjingcaiyuan-server/app/schedule/asyncUserOrder.js executing by app
2022-11-07 15:14:55,784 ERROR 14319 [Job#1667805295777194043352715691] /Users/bolide/Downloads/jingjingcaiyuan-server/app/schedule/asyncUserOrder.js execute failed, used 5ms. TypeError: Cannot read properties of undefined (reading 'list')
    at Object.task (/Users/bolide/Downloads/jingjingcaiyuan-server/app/schedule/asyncUserOrder.js:15:53)
    at Messenger.<anonymous> (/Users/bolide/Downloads/jingjingcaiyuan-server/node_modules/egg-schedule/app.js:47:21)
    at Messenger.emit (node:events:513:28)
    at Messenger._onMessage (/Users/bolide/Downloads/jingjingcaiyuan-server/node_modules/egg/lib/core/messenger/ipc.js:116:12)
    at process.emit (node:events:525:35)
    at emit (node:internal/child_process:939:14)
    at processTicksAndRejections (node:internal/process/task_queues:84:21)
2022-11-07 15:15:55,776 INFO 14310 [Timer] /Users/bolide/Downloads/jingjingcaiyuan-server/app/schedule/asyncUserOrder.js next time will execute after 60000ms at 2022-11-07 15:16:55.776
2022-11-07 15:15:55,776 INFO 14319 [Job#1667805355775194643371681792] /Users/bolide/Downloads/jingjingcaiyuan-server/app/schedule/asyncUserOrder.js executing by app
2022-11-07 15:15:55,778 ERROR 14319 [Job#1667805355775194643371681792] /Users/bolide/Downloads/jingjingcaiyuan-server/app/schedule/asyncUserOrder.js execute failed, used 1ms. TypeError: Cannot read properties of undefined (reading 'list')
    at Object.task (/Users/bolide/Downloads/jingjingcaiyuan-server/app/schedule/asyncUserOrder.js:15:53)
    at Messenger.<anonymous> (/Users/bolide/Downloads/jingjingcaiyuan-server/node_modules/egg-schedule/app.js:47:21)
    at Messenger.emit (node:events:513:28)
    at Messenger._onMessage (/Users/bolide/Downloads/jingjingcaiyuan-server/node_modules/egg/lib/core/messenger/ipc.js:116:12)
    at process.emit (node:events:525:35)
    at emit (node:internal/child_process:939:14)
    at processTicksAndRejections (node:internal/process/task_queues:84:21)
2022-11-07 15:16:55,773 INFO 14310 [Timer] /Users/bolide/Downloads/jingjingcaiyuan-server/app/schedule/asyncUserOrder.js next time will execute after 60000ms at 2022-11-07 15:17:55.773
2022-11-07 15:16:55,774 INFO 14319 [Job#1667805415773195243384367723] /Users/bolide/Downloads/jingjingcaiyuan-server/app/schedule/asyncUserOrder.js executing by app
2022-11-07 15:16:55,775 ERROR 14319 [Job#1667805415773195243384367723] /Users/bolide/Downloads/jingjingcaiyuan-server/app/schedule/asyncUserOrder.js execute failed, used 0ms. TypeError: Cannot read properties of undefined (reading 'list')
    at Object.task (/Users/bolide/Downloads/jingjingcaiyuan-server/app/schedule/asyncUserOrder.js:15:53)
    at Messenger.<anonymous> (/Users/bolide/Downloads/jingjingcaiyuan-server/node_modules/egg-schedule/app.js:47:21)
    at Messenger.emit (node:events:513:28)
    at Messenger._onMessage (/Users/bolide/Downloads/jingjingcaiyuan-server/node_modules/egg/lib/core/messenger/ipc.js:116:12)
    at process.emit (node:events:525:35)
    at emit (node:internal/child_process:939:14)
    at processTicksAndRejections (node:internal/process/task_queues:84:21)
2022-11-07 15:17:55,770 INFO 14310 [Timer] /Users/bolide/Downloads/jingjingcaiyuan-server/app/schedule/asyncUserOrder.js next time will execute after 60000ms at 2022-11-07 15:18:55.770
2022-11-07 15:17:55,771 INFO 14319 [Job#1667805475770195843392429214] /Users/bolide/Downloads/jingjingcaiyuan-server/app/schedule/asyncUserOrder.js executing by app
2022-11-07 15:17:55,772 ERROR 14319 [Job#1667805475770195843392429214] /Users/bolide/Downloads/jingjingcaiyuan-server/app/schedule/asyncUserOrder.js execute failed, used 1ms. TypeError: Cannot read properties of undefined (reading 'list')
    at Object.task (/Users/bolide/Downloads/jingjingcaiyuan-server/app/schedule/asyncUserOrder.js:15:53)
    at Messenger.<anonymous> (/Users/bolide/Downloads/jingjingcaiyuan-server/node_modules/egg-schedule/app.js:47:21)
    at Messenger.emit (node:events:513:28)
    at Messenger._onMessage (/Users/bolide/Downloads/jingjingcaiyuan-server/node_modules/egg/lib/core/messenger/ipc.js:116:12)
    at process.emit (node:events:525:35)
    at emit (node:internal/child_process:939:14)
    at processTicksAndRejections (node:internal/process/task_queues:84:21)
2022-11-07 15:18:55,768 INFO 14310 [Timer] /Users/bolide/Downloads/jingjingcaiyuan-server/app/schedule/asyncUserOrder.js next time will execute after 60000ms at 2022-11-07 15:19:55.768
2022-11-07 15:18:55,769 INFO 14319 [Job#1667805535768196443403380255] /Users/bolide/Downloads/jingjingcaiyuan-server/app/schedule/asyncUserOrder.js executing by app
2022-11-07 15:18:55,770 ERROR 14319 [Job#1667805535768196443403380255] /Users/bolide/Downloads/jingjingcaiyuan-server/app/schedule/asyncUserOrder.js execute failed, used 1ms. TypeError: Cannot read properties of undefined (reading 'list')
    at Object.task (/Users/bolide/Downloads/jingjingcaiyuan-server/app/schedule/asyncUserOrder.js:15:53)
    at Messenger.<anonymous> (/Users/bolide/Downloads/jingjingcaiyuan-server/node_modules/egg-schedule/app.js:47:21)
    at Messenger.emit (node:events:513:28)
    at Messenger._onMessage (/Users/bolide/Downloads/jingjingcaiyuan-server/node_modules/egg/lib/core/messenger/ipc.js:116:12)
    at process.emit (node:events:525:35)
    at emit (node:internal/child_process:939:14)
    at processTicksAndRejections (node:internal/process/task_queues:84:21)
2022-11-07 15:19:55,766 INFO 14310 [Timer] /Users/bolide/Downloads/jingjingcaiyuan-server/app/schedule/asyncUserOrder.js next time will execute after 60000ms at 2022-11-07 15:20:55.766
2022-11-07 15:19:55,766 INFO 14319 [Job#1667805595766197043415501316] /Users/bolide/Downloads/jingjingcaiyuan-server/app/schedule/asyncUserOrder.js executing by app
2022-11-07 15:19:55,768 ERROR 14319 [Job#1667805595766197043415501316] /Users/bolide/Downloads/jingjingcaiyuan-server/app/schedule/asyncUserOrder.js execute failed, used 0ms. TypeError: Cannot read properties of undefined (reading 'list')
    at Object.task (/Users/bolide/Downloads/jingjingcaiyuan-server/app/schedule/asyncUserOrder.js:15:53)
    at Messenger.<anonymous> (/Users/bolide/Downloads/jingjingcaiyuan-server/node_modules/egg-schedule/app.js:47:21)
    at Messenger.emit (node:events:513:28)
    at Messenger._onMessage (/Users/bolide/Downloads/jingjingcaiyuan-server/node_modules/egg/lib/core/messenger/ipc.js:116:12)
    at process.emit (node:events:525:35)
    at emit (node:internal/child_process:939:14)
    at processTicksAndRejections (node:internal/process/task_queues:84:21)
2022-11-07 15:20:55,763 INFO 14310 [Timer] /Users/bolide/Downloads/jingjingcaiyuan-server/app/schedule/asyncUserOrder.js next time will execute after 60000ms at 2022-11-07 15:21:55.763
2022-11-07 15:20:55,764 INFO 14319 [Job#1667805655763197643424275047] /Users/bolide/Downloads/jingjingcaiyuan-server/app/schedule/asyncUserOrder.js executing by app
2022-11-07 15:20:55,766 ERROR 14319 [Job#1667805655763197643424275047] /Users/bolide/Downloads/jingjingcaiyuan-server/app/schedule/asyncUserOrder.js execute failed, used 1ms. TypeError: Cannot read properties of undefined (reading 'list')
    at Object.task (/Users/bolide/Downloads/jingjingcaiyuan-server/app/schedule/asyncUserOrder.js:15:53)
    at Messenger.<anonymous> (/Users/bolide/Downloads/jingjingcaiyuan-server/node_modules/egg-schedule/app.js:47:21)
    at Messenger.emit (node:events:513:28)
    at Messenger._onMessage (/Users/bolide/Downloads/jingjingcaiyuan-server/node_modules/egg/lib/core/messenger/ipc.js:116:12)
    at process.emit (node:events:525:35)
    at emit (node:internal/child_process:939:14)
    at processTicksAndRejections (node:internal/process/task_queues:84:21)
2022-11-07 15:21:55,760 INFO 14310 [Timer] /Users/bolide/Downloads/jingjingcaiyuan-server/app/schedule/asyncUserOrder.js next time will execute after 60000ms at 2022-11-07 15:22:55.760
2022-11-07 15:21:55,761 INFO 14319 [Job#1667805715760198243427337838] /Users/bolide/Downloads/jingjingcaiyuan-server/app/schedule/asyncUserOrder.js executing by app
2022-11-07 15:21:55,762 ERROR 14319 [Job#1667805715760198243427337838] /Users/bolide/Downloads/jingjingcaiyuan-server/app/schedule/asyncUserOrder.js execute failed, used 1ms. TypeError: Cannot read properties of undefined (reading 'list')
    at Object.task (/Users/bolide/Downloads/jingjingcaiyuan-server/app/schedule/asyncUserOrder.js:15:53)
    at Messenger.<anonymous> (/Users/bolide/Downloads/jingjingcaiyuan-server/node_modules/egg-schedule/app.js:47:21)
    at Messenger.emit (node:events:513:28)
    at Messenger._onMessage (/Users/bolide/Downloads/jingjingcaiyuan-server/node_modules/egg/lib/core/messenger/ipc.js:116:12)
    at process.emit (node:events:525:35)
    at emit (node:internal/child_process:939:14)
    at processTicksAndRejections (node:internal/process/task_queues:84:21)
2022-11-07 15:22:55,873 INFO 14310 [Timer] /Users/bolide/Downloads/jingjingcaiyuan-server/app/schedule/asyncUserOrder.js next time will execute after 60000ms at 2022-11-07 15:23:55.873
2022-11-07 15:22:55,873 INFO 14319 [Job#1667805775872198843444752769] /Users/bolide/Downloads/jingjingcaiyuan-server/app/schedule/asyncUserOrder.js executing by app
2022-11-07 15:22:55,875 ERROR 14319 [Job#1667805775872198843444752769] /Users/bolide/Downloads/jingjingcaiyuan-server/app/schedule/asyncUserOrder.js execute failed, used 1ms. TypeError: Cannot read properties of undefined (reading 'list')
    at Object.task (/Users/bolide/Downloads/jingjingcaiyuan-server/app/schedule/asyncUserOrder.js:15:53)
    at Messenger.<anonymous> (/Users/bolide/Downloads/jingjingcaiyuan-server/node_modules/egg-schedule/app.js:47:21)
    at Messenger.emit (node:events:513:28)
    at Messenger._onMessage (/Users/bolide/Downloads/jingjingcaiyuan-server/node_modules/egg/lib/core/messenger/ipc.js:116:12)
    at process.emit (node:events:525:35)
    at emit (node:internal/child_process:939:14)
    at processTicksAndRejections (node:internal/process/task_queues:84:21)
2022-11-07 15:23:55,871 INFO 14319 [Job#16678058358701994434455299410] /Users/bolide/Downloads/jingjingcaiyuan-server/app/schedule/asyncUserOrder.js executing by app
2022-11-07 15:23:55,873 ERROR 14319 [Job#16678058358701994434455299410] /Users/bolide/Downloads/jingjingcaiyuan-server/app/schedule/asyncUserOrder.js execute failed, used 1ms. TypeError: Cannot read properties of undefined (reading 'list')
    at Object.task (/Users/bolide/Downloads/jingjingcaiyuan-server/app/schedule/asyncUserOrder.js:15:53)
    at Messenger.<anonymous> (/Users/bolide/Downloads/jingjingcaiyuan-server/node_modules/egg-schedule/app.js:47:21)
    at Messenger.emit (node:events:513:28)
    at Messenger._onMessage (/Users/bolide/Downloads/jingjingcaiyuan-server/node_modules/egg/lib/core/messenger/ipc.js:116:12)
    at process.emit (node:events:525:35)
    at emit (node:internal/child_process:939:14)
    at processTicksAndRejections (node:internal/process/task_queues:84:21)
2022-11-07 15:23:55,871 INFO 14310 [Timer] /Users/bolide/Downloads/jingjingcaiyuan-server/app/schedule/asyncUserOrder.js next time will execute after 60000ms at 2022-11-07 15:24:55.871
2022-11-07 15:24:55,870 INFO 14319 [Job#16678058958702000434600136211] /Users/bolide/Downloads/jingjingcaiyuan-server/app/schedule/asyncUserOrder.js executing by app
2022-11-07 15:24:55,872 ERROR 14319 [Job#16678058958702000434600136211] /Users/bolide/Downloads/jingjingcaiyuan-server/app/schedule/asyncUserOrder.js execute failed, used 0ms. TypeError: Cannot read properties of undefined (reading 'list')
    at Object.task (/Users/bolide/Downloads/jingjingcaiyuan-server/app/schedule/asyncUserOrder.js:15:53)
    at Messenger.<anonymous> (/Users/bolide/Downloads/jingjingcaiyuan-server/node_modules/egg-schedule/app.js:47:21)
    at Messenger.emit (node:events:513:28)
    at Messenger._onMessage (/Users/bolide/Downloads/jingjingcaiyuan-server/node_modules/egg/lib/core/messenger/ipc.js:116:12)
    at process.emit (node:events:525:35)
    at emit (node:internal/child_process:939:14)
    at processTicksAndRejections (node:internal/process/task_queues:84:21)
2022-11-07 15:24:55,870 INFO 14310 [Timer] /Users/bolide/Downloads/jingjingcaiyuan-server/app/schedule/asyncUserOrder.js next time will execute after 60000ms at 2022-11-07 15:25:55.870
2022-11-07 15:25:55,870 INFO 14319 [Job#16678059558692006434720410912] /Users/bolide/Downloads/jingjingcaiyuan-server/app/schedule/asyncUserOrder.js executing by app
2022-11-07 15:25:55,871 ERROR 14319 [Job#16678059558692006434720410912] /Users/bolide/Downloads/jingjingcaiyuan-server/app/schedule/asyncUserOrder.js execute failed, used 0ms. TypeError: Cannot read properties of undefined (reading 'list')
    at Object.task (/Users/bolide/Downloads/jingjingcaiyuan-server/app/schedule/asyncUserOrder.js:15:53)
    at Messenger.<anonymous> (/Users/bolide/Downloads/jingjingcaiyuan-server/node_modules/egg-schedule/app.js:47:21)
    at Messenger.emit (node:events:513:28)
    at Messenger._onMessage (/Users/bolide/Downloads/jingjingcaiyuan-server/node_modules/egg/lib/core/messenger/ipc.js:116:12)
    at process.emit (node:events:525:35)
    at emit (node:internal/child_process:939:14)
    at processTicksAndRejections (node:internal/process/task_queues:84:21)
2022-11-07 15:25:55,869 INFO 14310 [Timer] /Users/bolide/Downloads/jingjingcaiyuan-server/app/schedule/asyncUserOrder.js next time will execute after 60000ms at 2022-11-07 15:26:55.869
2022-11-07 15:26:36,256 INFO 14734 [egg-schedule]: register schedule /Users/bolide/Downloads/jingjingcaiyuan-server/node_modules/egg-multipart/app/schedule/clean_tmpdir.js
2022-11-07 15:26:36,256 INFO 14734 [egg-schedule]: register schedule /Users/bolide/Downloads/jingjingcaiyuan-server/node_modules/egg-logrotator/app/schedule/clean_log.js
2022-11-07 15:26:36,256 INFO 14734 [egg-schedule]: register schedule /Users/bolide/Downloads/jingjingcaiyuan-server/node_modules/egg-logrotator/app/schedule/rotate_by_file.js
2022-11-07 15:26:37,653 INFO 14728 [Timer] /Users/bolide/Downloads/jingjingcaiyuan-server/node_modules/egg-multipart/app/schedule/clean_tmpdir.js next time will execute after 47002350ms at 2022-11-08 04:30:00.003
2022-11-07 15:26:37,653 INFO 14728 [Timer] /Users/bolide/Downloads/jingjingcaiyuan-server/node_modules/egg-logrotator/app/schedule/clean_log.js next time will execute after 30802347ms at 2022-11-08 00:00:00.000
2022-11-07 15:26:37,653 INFO 14728 [Timer] /Users/bolide/Downloads/jingjingcaiyuan-server/node_modules/egg-logrotator/app/schedule/rotate_by_file.js next time will execute after 30803347ms at 2022-11-08 00:00:01.000
2022-11-07 15:27:03,857 INFO 14765 [egg-schedule]: register schedule /Users/bolide/Downloads/jingjingcaiyuan-server/node_modules/egg-multipart/app/schedule/clean_tmpdir.js
2022-11-07 15:27:03,857 INFO 14765 [egg-schedule]: register schedule /Users/bolide/Downloads/jingjingcaiyuan-server/node_modules/egg-logrotator/app/schedule/clean_log.js
2022-11-07 15:27:03,857 INFO 14765 [egg-schedule]: register schedule /Users/bolide/Downloads/jingjingcaiyuan-server/node_modules/egg-logrotator/app/schedule/rotate_by_file.js
2022-11-07 15:27:08,829 INFO 14804 [egg-schedule]: register schedule /Users/bolide/Downloads/jingjingcaiyuan-server/node_modules/egg-multipart/app/schedule/clean_tmpdir.js
2022-11-07 15:27:08,829 INFO 14804 [egg-schedule]: register schedule /Users/bolide/Downloads/jingjingcaiyuan-server/node_modules/egg-logrotator/app/schedule/clean_log.js
2022-11-07 15:27:08,829 INFO 14804 [egg-schedule]: register schedule /Users/bolide/Downloads/jingjingcaiyuan-server/node_modules/egg-logrotator/app/schedule/rotate_by_file.js
