2022-11-07 13:57:14,680 ERROR 6495 [-/127.0.0.1/-/0ms GET /] nodejs.Error: [egg-swagger-doc] error at get:/fed-api/v1-0/account/token ,the type of response parameter does not exit
    at generateResponse (/Users/bolide/Downloads/jingjingcaiyuan-server/node_modules/egg-swagger-doc-feat/lib/document/index.js:370:17)
    at getTag_Path (/Users/bolide/Downloads/jingjingcaiyuan-server/node_modules/egg-swagger-doc-feat/lib/document/index.js:139:35)
    at buildDocument (/Users/bolide/Downloads/jingjingcaiyuan-server/node_modules/egg-swagger-doc-feat/lib/document/index.js:50:14)
    at documentInit (/Users/bolide/Downloads/jingjingcaiyuan-server/node_modules/egg-swagger-doc-feat/lib/document/index.js:497:7)
    at module.exports.swaggerInit (/Users/bolide/Downloads/jingjingcaiyuan-server/node_modules/egg-swagger-doc-feat/lib/index.js:10:3)
    at /Users/bolide/Downloads/jingjingcaiyuan-server/node_modules/egg-swagger-doc-feat/app.js:8:5
    at Object.callFn (/Users/bolide/Downloads/jingjingcaiyuan-server/node_modules/egg-core/lib/utils/index.js:44:42)
    at /Users/bolide/Downloads/jingjingcaiyuan-server/node_modules/egg-core/lib/lifecycle.js:256:13
    at processTicksAndRejections (node:internal/process/task_queues:78:11)

pid: 6495
hostname: dabaozongdeMacBook-Pro.local

2022-11-07 13:57:14,687 ERROR 6495 [-/127.0.0.1/-/0ms GET /] nodejs.ECONNREFUSEDError: connect ECONNREFUSED 127.0.0.1:6379
    at TCPConnectWrap.afterConnect [as oncomplete] (node:net:1247:16)
errno: -61
code: "ECONNREFUSED"
syscall: "connect"
address: "127.0.0.1"
port: 6379
name: "ECONNREFUSEDError"
pid: 6495
hostname: dabaozongdeMacBook-Pro.local

2022-11-07 13:58:11,350 ERROR 6552 [-/127.0.0.1/-/1ms GET /] nodejs.Error: [egg-swagger-doc] error at post:/fed-api/v1-0/upload ,the type of response parameter does not exit
    at generateResponse (/Users/bolide/Downloads/jingjingcaiyuan-server/node_modules/egg-swagger-doc-feat/lib/document/index.js:370:17)
    at getTag_Path (/Users/bolide/Downloads/jingjingcaiyuan-server/node_modules/egg-swagger-doc-feat/lib/document/index.js:139:35)
    at buildDocument (/Users/bolide/Downloads/jingjingcaiyuan-server/node_modules/egg-swagger-doc-feat/lib/document/index.js:50:14)
    at documentInit (/Users/bolide/Downloads/jingjingcaiyuan-server/node_modules/egg-swagger-doc-feat/lib/document/index.js:497:7)
    at module.exports.swaggerInit (/Users/bolide/Downloads/jingjingcaiyuan-server/node_modules/egg-swagger-doc-feat/lib/index.js:10:3)
    at /Users/bolide/Downloads/jingjingcaiyuan-server/node_modules/egg-swagger-doc-feat/app.js:8:5
    at Object.callFn (/Users/bolide/Downloads/jingjingcaiyuan-server/node_modules/egg-core/lib/utils/index.js:44:42)
    at /Users/bolide/Downloads/jingjingcaiyuan-server/node_modules/egg-core/lib/lifecycle.js:256:13
    at processTicksAndRejections (node:internal/process/task_queues:78:11)

pid: 6552
hostname: dabaozongdeMacBook-Pro.local

2022-11-07 13:58:11,358 ERROR 6552 [-/127.0.0.1/-/0ms GET /] nodejs.ECONNREFUSEDError: connect ECONNREFUSED 127.0.0.1:6379
    at TCPConnectWrap.afterConnect [as oncomplete] (node:net:1247:16)
errno: -61
code: "ECONNREFUSED"
syscall: "connect"
address: "127.0.0.1"
port: 6379
name: "ECONNREFUSEDError"
pid: 6552
hostname: dabaozongdeMacBook-Pro.local

2022-11-07 14:00:09,534 INFO 6681 [egg-swagger-doc] register router: get /swagger-doc
2022-11-07 14:00:09,564 INFO 6681 [egg-swagger-doc] register router: get /swagger-ui.html
2022-11-07 14:00:09,564 INFO 6681 [egg-swagger-doc] register router: post /fed-api/v1-0/upload for controller-uploadController-upload 
2022-11-07 14:00:09,565 INFO 6681 [egg-swagger-doc] register router: post /fed-api/v1-0/upload/custom for controller-uploadController-uploadByCustomer 
2022-11-07 14:00:09,599 ERROR 6681 [-/127.0.0.1/-/1ms GET /] nodejs.ECONNREFUSEDError: connect ECONNREFUSED 127.0.0.1:6379
    at TCPConnectWrap.afterConnect [as oncomplete] (node:net:1247:16)
errno: -61
code: "ECONNREFUSED"
syscall: "connect"
address: "127.0.0.1"
port: 6379
name: "ECONNREFUSEDError"
pid: 6681
hostname: dabaozongdeMacBook-Pro.local

2022-11-07 15:13:54,785 INFO 14319 [egg-swagger-doc] register router: get /swagger-doc
2022-11-07 15:13:54,818 INFO 14319 [egg-swagger-doc] register router: get /swagger-ui.html
2022-11-07 15:13:54,819 INFO 14319 [egg-swagger-doc] register router: post /fed-api/v1-0/upload for controller-uploadController-upload 
2022-11-07 15:13:54,819 INFO 14319 [egg-swagger-doc] register router: post /fed-api/v1-0/upload/custom for controller-uploadController-uploadByCustomer 
2022-11-07 15:13:55,762 INFO 14319 [egg-sequelize](152ms) Executed (default): SELECT 1+1 AS result
2022-11-07 15:26:36,806 INFO 14734 [egg-swagger-doc] register router: get /swagger-doc
2022-11-07 15:26:36,841 INFO 14734 [egg-swagger-doc] register router: get /swagger-ui.html
2022-11-07 15:26:36,842 INFO 14734 [egg-swagger-doc] register router: post /fed-api/v1-0/upload for controller-uploadController-upload 
2022-11-07 15:26:36,842 INFO 14734 [egg-swagger-doc] register router: post /fed-api/v1-0/upload/custom for controller-uploadController-uploadByCustomer 
2022-11-07 15:26:37,635 INFO 14734 [egg-sequelize](45ms) Executed (default): SELECT 1+1 AS result
2022-11-07 15:27:04,294 INFO 14765 [egg-swagger-doc] register router: get /swagger-doc
2022-11-07 15:27:04,329 INFO 14765 [egg-swagger-doc] register router: get /swagger-ui.html
2022-11-07 15:27:04,330 INFO 14765 [egg-swagger-doc] register router: post /fed-api/v1-0/upload for controller-uploadController-upload 
2022-11-07 15:27:04,330 INFO 14765 [egg-swagger-doc] register router: post /fed-api/v1-0/upload/custom for controller-uploadController-uploadByCustomer 
2022-11-07 15:27:04,471 WARN 14765 Sequelize Error: getaddrinfo ENOTFOUND *, sleep 1 seconds to retry...
2022-11-07 15:27:05,476 WARN 14765 Sequelize Error: getaddrinfo ENOTFOUND *, sleep 1 seconds to retry...
2022-11-07 15:27:06,487 WARN 14765 Sequelize Error: getaddrinfo ENOTFOUND *, sleep 1 seconds to retry...
2022-11-07 15:27:07,495 ERROR 14765 [-/127.0.0.1/-/1ms GET /] nodejs.SequelizeHostNotFoundError: getaddrinfo ENOTFOUND *
    at /Users/bolide/Downloads/jingjingcaiyuan-server/node_modules/sequelize/lib/dialects/mysql/connection-manager.js:127:19
From previous event:
    at ConnectionManager.connect (/Users/bolide/Downloads/jingjingcaiyuan-server/node_modules/sequelize/lib/dialects/mysql/connection-manager.js:120:13)
    at /Users/bolide/Downloads/jingjingcaiyuan-server/node_modules/sequelize/lib/dialects/abstract/connection-manager.js:318:50
    at processImmediate (node:internal/timers:466:21)
From previous event:
    at ConnectionManager._connect (/Users/bolide/Downloads/jingjingcaiyuan-server/node_modules/sequelize/lib/dialects/abstract/connection-manager.js:318:8)
    at ConnectionManager.getConnection (/Users/bolide/Downloads/jingjingcaiyuan-server/node_modules/sequelize/lib/dialects/abstract/connection-manager.js:254:46)
    at /Users/bolide/Downloads/jingjingcaiyuan-server/node_modules/sequelize/lib/sequelize.js:650:36
From previous event:
    at /Users/bolide/Downloads/jingjingcaiyuan-server/node_modules/sequelize/lib/sequelize.js:641:53
    at /Users/bolide/Downloads/jingjingcaiyuan-server/node_modules/retry-as-promised/index.js:70:21
    at new Promise (<anonymous>)
    at retryAsPromised (/Users/bolide/Downloads/jingjingcaiyuan-server/node_modules/retry-as-promised/index.js:60:10)
    at /Users/bolide/Downloads/jingjingcaiyuan-server/node_modules/sequelize/lib/sequelize.js:641:30
From previous event:
    at Sequelize.query (/Users/bolide/Downloads/jingjingcaiyuan-server/node_modules/sequelize/lib/sequelize.js:590:23)
    at Sequelize.authenticate (/Users/bolide/Downloads/jingjingcaiyuan-server/node_modules/sequelize/lib/sequelize.js:902:17)
    at authenticate (/Users/bolide/Downloads/jingjingcaiyuan-server/node_modules/egg-sequelize/lib/loader.js:134:22)
    at authenticate (/Users/bolide/Downloads/jingjingcaiyuan-server/node_modules/egg-sequelize/lib/loader.js:142:13)
    at async authenticate (/Users/bolide/Downloads/jingjingcaiyuan-server/node_modules/egg-sequelize/lib/loader.js:142:7)
    at async authenticate (/Users/bolide/Downloads/jingjingcaiyuan-server/node_modules/egg-sequelize/lib/loader.js:142:7)
    at async Promise.all (index 0)
    at async /Users/bolide/Downloads/jingjingcaiyuan-server/node_modules/egg-sequelize/lib/loader.js:40:5
name: "SequelizeHostNotFoundError"
parent: {"errno":-3008,"code":"ENOTFOUND","syscall":"getaddrinfo","hostname":"*","fatal":true}
original: {"errno":-3008,"code":"ENOTFOUND","syscall":"getaddrinfo","hostname":"*","fatal":true}
pid: 14765
hostname: dabaozongdeMacBook-Pro.local

2022-11-07 15:27:09,151 INFO 14804 [egg-swagger-doc] register router: get /swagger-doc
2022-11-07 15:27:09,188 INFO 14804 [egg-swagger-doc] register router: get /swagger-ui.html
2022-11-07 15:27:09,190 INFO 14804 [egg-swagger-doc] register router: post /fed-api/v1-0/upload for controller-uploadController-upload 
2022-11-07 15:27:09,193 INFO 14804 [egg-swagger-doc] register router: post /fed-api/v1-0/upload/custom for controller-uploadController-uploadByCustomer 
2022-11-07 15:27:09,342 WARN 14804 Sequelize Error: getaddrinfo ENOTFOUND *, sleep 1 seconds to retry...
2022-11-07 15:27:10,346 WARN 14804 Sequelize Error: getaddrinfo ENOTFOUND *, sleep 1 seconds to retry...
2022-11-07 15:27:11,352 WARN 14804 Sequelize Error: getaddrinfo ENOTFOUND *, sleep 1 seconds to retry...
2022-11-07 15:27:12,359 ERROR 14804 [-/127.0.0.1/-/0ms GET /] nodejs.SequelizeHostNotFoundError: getaddrinfo ENOTFOUND *
    at /Users/bolide/Downloads/jingjingcaiyuan-server/node_modules/sequelize/lib/dialects/mysql/connection-manager.js:127:19
From previous event:
    at ConnectionManager.connect (/Users/bolide/Downloads/jingjingcaiyuan-server/node_modules/sequelize/lib/dialects/mysql/connection-manager.js:120:13)
    at /Users/bolide/Downloads/jingjingcaiyuan-server/node_modules/sequelize/lib/dialects/abstract/connection-manager.js:318:50
    at processImmediate (node:internal/timers:466:21)
From previous event:
    at ConnectionManager._connect (/Users/bolide/Downloads/jingjingcaiyuan-server/node_modules/sequelize/lib/dialects/abstract/connection-manager.js:318:8)
    at ConnectionManager.getConnection (/Users/bolide/Downloads/jingjingcaiyuan-server/node_modules/sequelize/lib/dialects/abstract/connection-manager.js:254:46)
    at /Users/bolide/Downloads/jingjingcaiyuan-server/node_modules/sequelize/lib/sequelize.js:650:36
From previous event:
    at /Users/bolide/Downloads/jingjingcaiyuan-server/node_modules/sequelize/lib/sequelize.js:641:53
    at /Users/bolide/Downloads/jingjingcaiyuan-server/node_modules/retry-as-promised/index.js:70:21
    at new Promise (<anonymous>)
    at retryAsPromised (/Users/bolide/Downloads/jingjingcaiyuan-server/node_modules/retry-as-promised/index.js:60:10)
    at /Users/bolide/Downloads/jingjingcaiyuan-server/node_modules/sequelize/lib/sequelize.js:641:30
From previous event:
    at Sequelize.query (/Users/bolide/Downloads/jingjingcaiyuan-server/node_modules/sequelize/lib/sequelize.js:590:23)
    at Sequelize.authenticate (/Users/bolide/Downloads/jingjingcaiyuan-server/node_modules/sequelize/lib/sequelize.js:902:17)
    at authenticate (/Users/bolide/Downloads/jingjingcaiyuan-server/node_modules/egg-sequelize/lib/loader.js:134:22)
    at authenticate (/Users/bolide/Downloads/jingjingcaiyuan-server/node_modules/egg-sequelize/lib/loader.js:142:13)
    at async authenticate (/Users/bolide/Downloads/jingjingcaiyuan-server/node_modules/egg-sequelize/lib/loader.js:142:7)
    at async authenticate (/Users/bolide/Downloads/jingjingcaiyuan-server/node_modules/egg-sequelize/lib/loader.js:142:7)
    at async Promise.all (index 0)
    at async /Users/bolide/Downloads/jingjingcaiyuan-server/node_modules/egg-sequelize/lib/loader.js:40:5
name: "SequelizeHostNotFoundError"
parent: {"errno":-3008,"code":"ENOTFOUND","syscall":"getaddrinfo","hostname":"*","fatal":true}
original: {"errno":-3008,"code":"ENOTFOUND","syscall":"getaddrinfo","hostname":"*","fatal":true}
pid: 14804
hostname: dabaozongdeMacBook-Pro.local

